solving ...
61	4.5975276034034876e-05
>>>centroidalizing<<<	1	0.7112103775214906
36	6.396928239497615e-05
>>>centroidalizing<<<	2	0.23289305834651744
28	2.331094542041513e-05
>>>centroidalizing<<<	3	0.1346283004414262
23	5.023989141453597e-05
>>>centroidalizing<<<	4	0.1065241239404248
21	8.85475090240611e-05
>>>centroidalizing<<<	5	0.09024975629416596
volume fractions:[1.65000069 1.65000058 1.65000041 1.65000077 1.65000051 1.64999985
 1.6500002  1.64999883 1.64999981 1.65000057 1.64999997 1.64999977
 1.65000035 1.65000023 1.65000066 1.65000088 1.6499995  1.65000042
 1.65000116 1.65000026 1.65000105 1.64999997 1.64999985 1.64999965
 1.6499997  1.6499991  1.64999986 1.6500003  1.65000072 1.65000044
 1.6499994  1.64999932 1.64999986 1.64999982 1.64999913 1.65000069
 1.64999997 1.64999993 1.64999954 1.64999973 1.64999975 1.6500001
 1.65000015 1.64999916 1.64999997 1.65000016 1.65       1.65000088
 1.6500007  1.64999948 1.64999957 1.65000056 1.64999991 1.64999986
 1.64999946 1.64999835 1.65000001 1.6500001  1.65000009 1.65000001
 0.10000034 0.1000012  0.09999567 0.10000267 0.1000014  0.09999583
 0.09999884 0.1000013  0.10000273 0.09999828]
writing output...
constructing K-D-tree
... done
colorizing using 8 threads
...done
