solving ...
50	9.554274929814228e-05
>>>centroidalizing<<<	1	0.7782165873339306
25	7.556806385831544e-05
>>>centroidalizing<<<	2	0.2074714389107701
17	4.352502168058883e-05
>>>centroidalizing<<<	3	0.11963236427419116
16	3.1232861917465604e-05
>>>centroidalizing<<<	4	0.08149923096261037
volume fractions:[1.66666396 1.6666652  1.66666663 1.66666375 1.66666655 1.66666753
 1.66666841 1.66666328 1.66666788 1.6666689  1.66666987 1.66666966
 1.66666771 1.66666321 1.66666587 1.66667028 1.66666421 1.66666513
 1.66666806 1.66666488 1.66666163 1.6666675  1.66666742 1.66666683
 1.66666636 1.66666804 1.66666852 1.66666545 1.66667031 1.6666622
 0.794168   0.7941675  0.79416667 0.79416693 0.79416626 0.79416619
 0.79416683 0.79416746 0.79416853 0.79416769 0.79416577 0.79416653
 0.79416707 0.7941669  0.79416532 0.79416655 0.79416785 0.79416722
 0.79416708 0.79416674 0.7941663  0.79416699 0.79416665 0.79416703
 0.79416591 0.79416573 0.79416585 0.79416727 0.79416641 0.7941657
 0.79416572 0.79416666 0.7941703  0.79416668 0.79416602 0.79416741
 0.79416744 0.79416747 0.79416505 0.79416526 0.79416627 0.79416684
 0.79416566 0.79416641 0.79416588 0.79416609 0.79416643 0.79416759
 0.79416592 0.7941676  0.79416665 0.79416611 0.79416765 0.79416717
 0.7941676  0.79416678 0.79416662 0.79416597 0.79416619 0.79416827
 0.47000038 0.47000012 0.47000026 0.46999891 0.47000048]
writing output...
constructing K-D-tree
... done
colorizing using 8 threads
...done
