solving ...
77	9.871357286951332e-05
>>>centroidalizing<<<	1	0.5367248740513643
47	3.481052134307086e-05
>>>centroidalizing<<<	2	0.1381421747569922
33	6.642509080752025e-05
>>>centroidalizing<<<	3	0.07725241273501374
volume fractions:[0.41250009 0.41250007 0.4124999  0.41250002 0.41249999 0.41250005
 0.41249984 0.41250004 0.41249987 0.41250003 0.41250015 0.41249989
 0.41249991 0.41250006 0.4124999  0.41249984 0.41250004 0.41250003
 0.41249972 0.41249995 0.41249997 0.41250008 0.41250002 0.41249994
 0.41250009 0.41250008 0.41250008 0.41249995 0.41249987 0.41250068
 0.41250001 0.41249996 0.41249999 0.41249994 0.41250005 0.41250002
 0.41249999 0.41250002 0.41250006 0.41249981 0.41249983 0.41250007
 0.41250006 0.41250007 0.41250006 0.41250006 0.41249985 0.41250014
 0.41250004 0.41250002 0.41249996 0.4125001  0.41250005 0.41250003
 0.41250012 0.41249999 0.41250006 0.41250003 0.41249989 0.41250005
 0.41250005 0.41250006 0.41249999 0.41249999 0.41249994 0.4125
 0.41249993 0.4125     0.41250013 0.41250008 0.41250007 0.41250003
 0.41249978 0.41250014 0.41250012 0.4125001  0.41250001 0.41250003
 0.41249997 0.41249998 0.41250006 0.41249989 0.41249988 0.41250001
 0.41250004 0.41250005 0.41249996 0.4125001  0.41249997 0.41250002
 0.41250008 0.41250005 0.41250008 0.4124999  0.41250002 0.41250004
 0.41249987 0.4125001  0.41249999 0.41249994 0.41250007 0.4125
 0.41250001 0.41249986 0.41250001 0.41249999 0.41250004 0.41250002
 0.41249992 0.41250016 0.41249999 0.41250002 0.41250007 0.41250009
 0.41249996 0.41250001 0.41249987 0.4125     0.41249996 0.41249997
 0.41249993 0.4125001  0.41250022 0.41250001 0.41250004 0.41249999
 0.41250002 0.41249988 0.41249995 0.41249994 0.41249995 0.41250018
 0.41249998 0.41250011 0.41250006 0.41250003 0.41249995 0.41249995
 0.41249983 0.41250003 0.4125001  0.41250003 0.4124999  0.41250007
 0.4125     0.41250001 0.41249986 0.4125     0.41249998 0.41249998
 0.41249997 0.41249995 0.41250002 0.41249992 0.41249991 0.41250005
 0.4125001  0.4125     0.41250002 0.41249997 0.41249984 0.4125
 0.41249987 0.41250005 0.41250005 0.41250003 0.41250003 0.41250001
 0.41250049 0.41250008 0.41249994 0.41250011 0.41249994 0.41249991
 0.41249987 0.41250004 0.41249994 0.41250005 0.41250003 0.41250008
 0.41250009 0.41250008 0.4124997  0.41249997 0.41250013 0.41249994
 0.41250006 0.41250009 0.41249997 0.41249998 0.41249999 0.4125
 0.41249997 0.41250003 0.41249988 0.41250003 0.41250013 0.41249993
 0.41249994 0.41250005 0.41249976 0.41250004 0.41249998 0.41250004
 0.41250004 0.41249996 0.41249996 0.41250013 0.41249997 0.41250001
 0.41249993 0.41250013 0.41250002 0.41249996 0.41249998 0.41249992
 0.41250003 0.41249997 0.41249979 0.41249998 0.41250006 0.41250002
 0.41249989 0.41249997 0.41250003 0.41250002 0.41250009 0.41249999
 0.41249995 0.4125     0.4125001  0.4125001  0.41250006 0.41250004
 0.41249996 0.41250002 0.41249995 0.41249986 0.41249967 0.41250001
 0.02500007 0.02500003 0.02499971 0.025      0.02499997 0.02500003
 0.02500005 0.02499994 0.02500004 0.02500007 0.02499997 0.02499997
 0.02499994 0.02499973 0.02500001 0.02500003 0.02499994 0.02499986
 0.02499999 0.02500003 0.02499998 0.02500005 0.02499975 0.02499996
 0.02499999 0.02499994 0.02500007 0.02500008 0.02500001 0.02499994
 0.02500001 0.02500009 0.02500003 0.02500006 0.02500004 0.02500009
 0.02500004 0.02500007 0.02499989 0.02499992]
writing output...
constructing K-D-tree
... done
colorizing using 8 threads
...done
