solving ...
93	9.83952879825235e-05
>>>centroidalizing<<<	1	0.5590015354014439
41	4.201714973719222e-05
>>>centroidalizing<<<	2	0.15124567801901645
27	8.73009941272442e-05
>>>centroidalizing<<<	3	0.08470333941032958
volume fractions:[0.41249985 0.41249982 0.41249998 0.41249993 0.41250006 0.41249995
 0.4125     0.41250017 0.41250016 0.41249985 0.41249991 0.41249999
 0.41250014 0.41250005 0.41249739 0.41250022 0.41249999 0.41249993
 0.41249984 0.41250007 0.41249999 0.41250011 0.41250007 0.41249996
 0.41250012 0.4125001  0.41249983 0.41249984 0.41249985 0.41249986
 0.41249991 0.41250008 0.41250005 0.41249975 0.41250012 0.41249992
 0.41250003 0.41250037 0.41249986 0.41250044 0.41250003 0.41250002
 0.41249992 0.41250008 0.41250001 0.41249992 0.41249994 0.41249994
 0.41249985 0.41249977 0.41250003 0.41249993 0.41250004 0.41250131
 0.41249945 0.41249987 0.41250046 0.41249991 0.41249991 0.41250015
 0.41250011 0.41250027 0.41249986 0.41249984 0.41250012 0.41250004
 0.41249992 0.41249996 0.41249998 0.41250001 0.41249983 0.41249995
 0.41249992 0.41249988 0.41249994 0.41250021 0.41250003 0.41250016
 0.41250005 0.41250002 0.41250005 0.41250008 0.41249995 0.41250003
 0.41249989 0.41250223 0.41250011 0.4124999  0.4124998  0.41250002
 0.41250018 0.41249997 0.41250001 0.41249995 0.41249987 0.4125
 0.4124999  0.41249994 0.41249999 0.41249992 0.4125001  0.41250004
 0.41249988 0.41249991 0.41250001 0.4124999  0.41250008 0.41249993
 0.41250018 0.41249998 0.41249981 0.41249972 0.41250003 0.4125
 0.41249988 0.41249985 0.41250008 0.41250005 0.41249993 0.41249989
 0.41249992 0.41250024 0.41249995 0.41249989 0.41250007 0.41250005
 0.41249999 0.41249983 0.41250001 0.41250001 0.41250005 0.41250008
 0.41249991 0.41250004 0.41249989 0.4124999  0.41249995 0.41249995
 0.41250004 0.41249988 0.41250002 0.41249983 0.41250025 0.41249989
 0.41250002 0.41249993 0.41250003 0.41250002 0.41249994 0.41250008
 0.41250021 0.41250007 0.41249998 0.41250007 0.41249989 0.41250005
 0.41250036 0.41249996 0.41250015 0.41250011 0.41250008 0.41250007
 0.41249985 0.41249989 0.41249976 0.41249989 0.41249993 0.41249988
 0.41249996 0.41249999 0.41250011 0.41250032 0.41249999 0.41249984
 0.41250053 0.41250005 0.41250017 0.41249998 0.41249996 0.41250003
 0.41250013 0.41250008 0.41250013 0.41249984 0.41249988 0.41249984
 0.41250005 0.41250009 0.41249985 0.41250016 0.41249992 0.41249998
 0.41249941 0.41250001 0.41249994 0.41249984 0.41250014 0.41249983
 0.41250016 0.41250008 0.41249995 0.4125     0.41250006 0.41250019
 0.41249991 0.4125001  0.41250015 0.41249997 0.41249984 0.41249999
 0.41250002 0.41249982 0.41249998 0.41249987 0.4125     0.4124999
 0.41249997 0.41249998 0.41249993 0.41249999 0.41249992 0.41250018
 0.41249993 0.41249997 0.41249993 0.41249997 0.41250017 0.41250003
 0.41250007 0.41250004 0.41249995 0.41250017 0.41250007 0.41249988
 0.4125     0.41249985 0.41249993 0.41249998 0.41249987 0.41249989
 0.04999996 0.04999964 0.05000038 0.05000053 0.05000014 0.04999965
 0.05000015 0.05000002 0.05000025 0.04999989 0.05000001 0.05000044
 0.04999988 0.05000017 0.05000007 0.04999983 0.05000003 0.05000029
 0.04999993 0.0499999 ]
writing output...
constructing K-D-tree
... done
colorizing using 8 threads
...done
