solving ...
102	9.558058641139095e-05
>>>centroidalizing<<<	1	0.7296423276414855
71	3.928768166103911e-05
>>>centroidalizing<<<	2	0.2447041954832903
66	7.708742445461032e-05
>>>centroidalizing<<<	3	0.10941660991957099
50	2.6837824887102632e-05
>>>centroidalizing<<<	4	0.06816528538230246
volume fractions:[1.66499999 1.66499999 1.66499997 1.66499997 1.665      1.66499999
 1.665      1.66500001 1.66500001 1.66500001 1.665      1.665
 1.665      1.665      1.665      1.665      1.665      1.66499999
 1.665      1.665      1.665      1.66499998 1.665      1.665
 1.66499999 1.66499999 1.66499997 1.66499999 1.665      1.665
 1.66499999 1.665      1.66499999 1.665      1.66499998 1.665
 1.66499999 1.66499999 1.66499999 1.665      1.665      1.665
 1.66499999 1.665      1.66499999 1.665      1.665      1.66499999
 1.66499999 1.665      1.66500001 1.66500001 1.665      1.665
 1.665      1.66500001 1.665      1.66499999 1.665      1.66499998
 0.00999998 0.00999998 0.00999998 0.01000018 0.01000012 0.00999997
 0.00999997 0.01000012 0.00999998 0.00999997]
writing output...
constructing K-D-tree
... done
colorizing using 8 threads
...done
