solving ...
82	7.363179752162498e-05
>>>centroidalizing<<<	1	0.7293516262156146
49	9.484661285459795e-05
>>>centroidalizing<<<	2	0.2447496486218848
44	9.747202352661501e-05
>>>centroidalizing<<<	3	0.1101711524117643
35	3.35176243188236e-05
>>>centroidalizing<<<	4	0.06748174186492122
volume fractions:[1.66500003 1.66500001 1.66499999 1.66499998 1.66499999 1.66499997
 1.66499999 1.66499999 1.66500001 1.66499995 1.66500003 1.66500001
 1.665      1.66500004 1.66499998 1.66500001 1.665      1.66500003
 1.66499999 1.66500001 1.66499996 1.66499997 1.66499998 1.66499997
 1.665      1.66500003 1.66499997 1.665      1.66500001 1.66499997
 1.66500004 1.66500003 1.66500001 1.66499995 1.66499999 1.66500002
 1.66499998 1.665      1.66499995 1.66499998 1.66499998 1.66499999
 1.66500001 1.66499997 1.66499996 1.66500001 1.66500004 1.66499998
 1.66500001 1.665      1.66499998 1.665      1.66499996 1.665
 1.66499996 1.66499996 1.66499999 1.66499997 1.66500001 1.66499998
 0.01999992 0.01999992 0.01999998 0.02000063 0.01999998]
writing output...
constructing K-D-tree
... done
colorizing using 8 threads
...done
