solving ...
158	9.954802212173206e-05
>>>centroidalizing<<<	1	0.5981960867722359
97	7.3802340096266e-05
>>>centroidalizing<<<	2	0.1386505144581782
53	7.421677210934518e-05
>>>centroidalizing<<<	3	0.08328419315957247
volume fractions:[0.41249996 0.41250001 0.41249998 0.41250006 0.41250001 0.41250002
 0.41250004 0.41250002 0.41249998 0.41250001 0.41249998 0.4125
 0.4125     0.41249994 0.41249994 0.41250001 0.41250001 0.41250004
 0.41250001 0.41250003 0.41249995 0.41250002 0.41249996 0.4125
 0.41250001 0.41250001 0.4125     0.41250005 0.41249992 0.41249997
 0.41249998 0.41249993 0.41250006 0.41250001 0.41250001 0.41250001
 0.41249994 0.41250003 0.41250001 0.41250005 0.41249998 0.41249993
 0.41250003 0.41250002 0.41249995 0.41249996 0.41249997 0.41249995
 0.41250001 0.41249999 0.41250004 0.41249997 0.41249999 0.41250004
 0.41250004 0.41249996 0.41250008 0.41249999 0.41249994 0.41250003
 0.41249996 0.41250006 0.41249997 0.41249998 0.41250009 0.41250003
 0.41249992 0.41249996 0.41249999 0.41250001 0.41250001 0.41249998
 0.41249996 0.41249999 0.41249997 0.41250001 0.41250001 0.41249996
 0.4125     0.4125     0.41250003 0.41249995 0.41250004 0.41249994
 0.41249995 0.4125     0.41250001 0.4125     0.41249996 0.4125
 0.4125     0.41249998 0.41250005 0.4125     0.41250009 0.41249995
 0.41250001 0.41249999 0.41249997 0.41249996 0.41249999 0.41249996
 0.41249995 0.41249995 0.41249999 0.41250002 0.41249996 0.4125
 0.41249995 0.41249998 0.41250008 0.41249994 0.41249998 0.41250004
 0.41250004 0.41250001 0.41250001 0.41250005 0.41250003 0.41249999
 0.41249996 0.41250007 0.41250001 0.41250009 0.41249998 0.41250001
 0.41249998 0.4125     0.41250001 0.41249999 0.41249996 0.41250002
 0.41250007 0.41250011 0.41250006 0.41250008 0.41249998 0.41249997
 0.41249999 0.41249999 0.4125001  0.4125     0.41250002 0.41250008
 0.41250005 0.41249999 0.41249998 0.4125     0.41250008 0.41250005
 0.41250002 0.41249996 0.41249997 0.41249998 0.41250004 0.4125
 0.41249997 0.41250001 0.4125     0.41249993 0.41249994 0.41249999
 0.41250003 0.41249997 0.41249998 0.4125     0.41250003 0.41250003
 0.41249997 0.4125     0.41249998 0.41249998 0.41249997 0.41249998
 0.41250008 0.4125     0.41250005 0.4125     0.41250002 0.41249997
 0.41249999 0.41250005 0.4125     0.41249996 0.41249996 0.4125
 0.41250004 0.41249996 0.4125     0.41250007 0.41250003 0.41249998
 0.41250002 0.41249999 0.41250002 0.41249999 0.41249999 0.41250001
 0.41250004 0.41250002 0.41250007 0.41249998 0.41249998 0.41250005
 0.41250003 0.41249999 0.41249996 0.41249998 0.41249995 0.41250005
 0.41249996 0.41249999 0.41249998 0.41250003 0.41249996 0.41250002
 0.41249994 0.41249998 0.41250004 0.41250001 0.41249998 0.41249996
 0.41249993 0.41250004 0.41250004 0.41249999 0.41249997 0.41249999
 0.41250006 0.41250002 0.41249996 0.41250004 0.41249998 0.41250002
 0.41250005 0.41249997 0.4125     0.4125     0.41249997 0.41250003
 0.00833334 0.00833335 0.00833329 0.00833334 0.0083333  0.00833333
 0.00833333 0.00833332 0.00833335 0.00833333 0.00833335 0.00833332
 0.00833335 0.00833335 0.00833334 0.00833335 0.00833332 0.00833332
 0.00833334 0.00833335 0.00833334 0.00833333 0.00833333 0.00833334
 0.00833333 0.00833336 0.00833334 0.00833334 0.00833332 0.00833333
 0.00833327 0.00833327 0.00833328 0.00833334 0.00833334 0.00833332
 0.00833334 0.00833332 0.00833334 0.00833333 0.00833332 0.0083333
 0.00833334 0.00833335 0.00833336 0.00833334 0.00833334 0.00833333
 0.00833333 0.00833329 0.00833333 0.00833335 0.00833336 0.00833334
 0.00833334 0.00833334 0.00833331 0.00833335 0.00833332 0.00833333
 0.00833335 0.00833334 0.00833333 0.00833333 0.00833333 0.00833335
 0.00833327 0.00833334 0.00833335 0.00833334 0.00833334 0.00833334
 0.00833334 0.00833333 0.00833333 0.00833333 0.00833334 0.00833329
 0.00833332 0.00833333 0.00833334 0.00833333 0.00833334 0.00833335
 0.00833334 0.00833332 0.00833332 0.00833334 0.00833335 0.00833334
 0.00833332 0.00833334 0.00833333 0.00833335 0.00833335 0.00833335
 0.00833335 0.00833334 0.00833333 0.00833335 0.00833334 0.00833333
 0.00833333 0.00833334 0.00833335 0.00833335 0.00833332 0.00833335
 0.00833331 0.00833333 0.00833333 0.00833334 0.00833336 0.00833333
 0.00833333 0.00833335 0.00833334 0.00833334 0.00833333 0.00833332]
writing output...
constructing K-D-tree
... done
colorizing using 8 threads
...done
